  [1m[36m (110.2ms)[0m  [1mCREATE TABLE "schema_migrations" ("version" varchar(255) NOT NULL) [0m
  [1m[35m (100.1ms)[0m  CREATE UNIQUE INDEX "unique_schema_migrations" ON "schema_migrations" ("version")
  [1m[36mActiveRecord::SchemaMigration Load (0.3ms)[0m  [1mSELECT "schema_migrations".* FROM "schema_migrations"[0m
Migrating to CreateGists (20140309124846)
  [1m[35m (0.2ms)[0m  begin transaction
  [1m[36m (0.1ms)[0m  [1mrollback transaction[0m
  [1m[36mActiveRecord::SchemaMigration Load (0.1ms)[0m  [1mSELECT "schema_migrations".* FROM "schema_migrations"[0m
Migrating to CreateGists (20140309125223)
  [1m[35m (0.1ms)[0m  begin transaction
  [1m[36m (0.6ms)[0m  [1mCREATE TABLE "gists" ("id" INTEGER PRIMARY KEY AUTOINCREMENT NOT NULL, "snippet" text, "lang" varchar(255), "description" varchar(255), "created_at" datetime, "updated_at" datetime) [0m
  [1m[35mSQL (2.0ms)[0m  INSERT INTO "schema_migrations" ("version") VALUES (?)  [["version", "20140309125223"]]
  [1m[36m (97.6ms)[0m  [1mcommit transaction[0m
  [1m[35mActiveRecord::SchemaMigration Load (0.1ms)[0m  SELECT "schema_migrations".* FROM "schema_migrations"


Started GET "/gists" for 127.0.0.1 at 2014-03-09 13:53:28 +0100
  [1m[36mActiveRecord::SchemaMigration Load (0.2ms)[0m  [1mSELECT "schema_migrations".* FROM "schema_migrations"[0m
Processing by GistsController#index as HTML
  [1m[35mGist Load (0.2ms)[0m  SELECT "gists".* FROM "gists"
  Rendered gists/index.html.erb within layouts/application (4.8ms)
Warning. Error encountered while saving cache fb131c836af2039cf6fb47c6d265f94d21dd5460/gists.css.scssc: can't dump anonymous class #<Class:0x00000001f4f3c0>
Warning. Error encountered while saving cache fb131c836af2039cf6fb47c6d265f94d21dd5460/scaffolds.css.scssc: can't dump anonymous class #<Class:0x00000001f4f3c0>
Completed 200 OK in 653ms (Views: 623.8ms | ActiveRecord: 0.2ms)


Started GET "/gists/new" for 127.0.0.1 at 2014-03-09 13:53:31 +0100
Processing by GistsController#new as HTML
  Rendered gists/_form.html.erb (105.1ms)
  Rendered gists/new.html.erb within layouts/application (111.7ms)
Completed 200 OK in 119ms (Views: 116.9ms | ActiveRecord: 0.5ms)


Started POST "/gists" for 127.0.0.1 at 2014-03-09 13:54:40 +0100
Processing by GistsController#create as HTML
  Parameters: {"utf8"=>"✓", "authenticity_token"=>"1OtsLXL69qIj2x0+uJq03qTlrXU1dwqD558xtfJH3kA=", "gist"=>{"snippet"=>"adfsdfafafasdfds", "lang"=>"sfdsfds", "description"=>"wefsd"}, "commit"=>"Create Gist"}
  [1m[36m (0.1ms)[0m  [1mbegin transaction[0m
  [1m[35mSQL (6.2ms)[0m  INSERT INTO "gists" ("created_at", "description", "lang", "snippet", "updated_at") VALUES (?, ?, ?, ?, ?)  [["created_at", Sun, 09 Mar 2014 12:54:40 UTC +00:00], ["description", "wefsd"], ["lang", "sfdsfds"], ["snippet", "adfsdfafafasdfds"], ["updated_at", Sun, 09 Mar 2014 12:54:40 UTC +00:00]]
  [1m[36m (167.7ms)[0m  [1mcommit transaction[0m
Redirected to http://localhost:3000/gists/1
Completed 302 Found in 181ms (ActiveRecord: 174.1ms)


Started GET "/gists/1" for 127.0.0.1 at 2014-03-09 13:54:40 +0100
Processing by GistsController#show as HTML
  Parameters: {"id"=>"1"}
  [1m[35mGist Load (0.3ms)[0m  SELECT "gists".* FROM "gists" WHERE "gists"."id" = ? LIMIT 1  [["id", "1"]]
  Rendered gists/show.html.erb within layouts/application (1.2ms)
Completed 200 OK in 10ms (Views: 6.2ms | ActiveRecord: 0.3ms)


Started GET "/gists/1/edit" for 127.0.0.1 at 2014-03-09 13:54:48 +0100
Processing by GistsController#edit as HTML
  Parameters: {"id"=>"1"}
  [1m[36mGist Load (0.2ms)[0m  [1mSELECT "gists".* FROM "gists" WHERE "gists"."id" = ? LIMIT 1[0m  [["id", "1"]]
  Rendered gists/_form.html.erb (4.0ms)
  Rendered gists/edit.html.erb within layouts/application (6.4ms)
Completed 200 OK in 14ms (Views: 11.8ms | ActiveRecord: 0.2ms)


Started GET "/gists" for 127.0.0.1 at 2014-03-09 13:54:50 +0100
Processing by GistsController#index as HTML
  [1m[35mGist Load (0.2ms)[0m  SELECT "gists".* FROM "gists"
  Rendered gists/index.html.erb within layouts/application (3.3ms)
Completed 200 OK in 10ms (Views: 8.7ms | ActiveRecord: 0.2ms)


Started GET "/gists/1/edit" for 127.0.0.1 at 2014-03-09 14:01:09 +0100
Processing by GistsController#edit as HTML
  Parameters: {"id"=>"1"}
  [1m[36mGist Load (0.2ms)[0m  [1mSELECT "gists".* FROM "gists" WHERE "gists"."id" = ? LIMIT 1[0m  [["id", "1"]]
  Rendered gists/_form.html.erb (3.2ms)
  Rendered gists/edit.html.erb within layouts/application (4.5ms)
Completed 200 OK in 12ms (Views: 9.9ms | ActiveRecord: 0.2ms)


Started PATCH "/gists/1" for 127.0.0.1 at 2014-03-09 14:06:32 +0100
Processing by GistsController#update as HTML
  Parameters: {"utf8"=>"✓", "authenticity_token"=>"1OtsLXL69qIj2x0+uJq03qTlrXU1dwqD558xtfJH3kA=", "gist"=>{"snippet"=>"adfsdfafafasdfds", "lang"=>"sfdsfds", "description"=>"wefsd"}, "commit"=>"Update Gist", "id"=>"1"}
  [1m[35mGist Load (0.2ms)[0m  SELECT "gists".* FROM "gists" WHERE "gists"."id" = ? LIMIT 1  [["id", "1"]]
  [1m[36m (0.1ms)[0m  [1mbegin transaction[0m
  [1m[35m (0.1ms)[0m  commit transaction
Redirected to http://localhost:3000/gists/1
Completed 302 Found in 5ms (ActiveRecord: 0.4ms)


Started GET "/gists/1" for 127.0.0.1 at 2014-03-09 14:06:32 +0100
Processing by GistsController#show as HTML
  Parameters: {"id"=>"1"}
  [1m[36mGist Load (0.2ms)[0m  [1mSELECT "gists".* FROM "gists" WHERE "gists"."id" = ? LIMIT 1[0m  [["id", "1"]]
  Rendered gists/show.html.erb within layouts/application (980.4ms)
Completed 500 Internal Server Error in 985ms

ActionView::Template::Error (Traceback (most recent call last):
  File "/home/michal-linux/.rvm/gems/ruby-1.9.3-p484/gems/pygments.rb-0.5.4/lib/pygments/mentos.py", line 303, in start
    res = self.get_data(method, lexer, args, kwargs, text)
  File "/home/michal-linux/.rvm/gems/ruby-1.9.3-p484/gems/pygments.rb-0.5.4/lib/pygments/mentos.py", line 171, in get_data
    res = self.highlight_text(text, lexer, formatter_name, args, _convert_keys(opts))
  File "/home/michal-linux/.rvm/gems/ruby-1.9.3-p484/gems/pygments.rb-0.5.4/lib/pygments/mentos.py", line 122, in highlight_text
    lexer = self.return_lexer(lexer, args, kwargs, code)
  File "/home/michal-linux/.rvm/gems/ruby-1.9.3-p484/gems/pygments.rb-0.5.4/lib/pygments/mentos.py", line 79, in return_lexer
    return lexers.get_lexer_by_name(lexer, **inputs)
  File "/home/michal-linux/.rvm/gems/ruby-1.9.3-p484/gems/pygments.rb-0.5.4/vendor/pygments-main/pygments/lexers/__init__.py", line 81, in get_lexer_by_name
    raise ClassNotFound('no lexer for alias %r found' % _alias)
ClassNotFound: no lexer for alias 'sfdsfds' found
):
    2: 
    3: <p>
    4:   <strong>Snippet:</strong>
    5:   <%= raw Pygments.highlight(@gist.snippet, lexer: @gist.lang) %>
    6: </p>
    7: 
    8: <p>
  app/views/gists/show.html.erb:5:in `_app_views_gists_show_html_erb__2200119373959216592_70115543450840'


  Rendered /home/michal-linux/.rvm/gems/ruby-1.9.3-p484/gems/actionpack-4.0.3/lib/action_dispatch/middleware/templates/rescues/_trace.erb (2.9ms)
  Rendered /home/michal-linux/.rvm/gems/ruby-1.9.3-p484/gems/actionpack-4.0.3/lib/action_dispatch/middleware/templates/rescues/_request_and_response.erb (1.1ms)
  Rendered /home/michal-linux/.rvm/gems/ruby-1.9.3-p484/gems/actionpack-4.0.3/lib/action_dispatch/middleware/templates/rescues/template_error.erb within rescues/layout (20.5ms)


Started GET "/gists/new" for 127.0.0.1 at 2014-03-09 14:06:52 +0100
Processing by GistsController#new as HTML
  Rendered gists/_form.html.erb (5.3ms)
  Rendered gists/new.html.erb within layouts/application (8.1ms)
Completed 200 OK in 125ms (Views: 123.2ms | ActiveRecord: 0.0ms)


Started GET "/gists" for 127.0.0.1 at 2014-03-09 14:06:56 +0100
Processing by GistsController#index as HTML
  [1m[35mGist Load (0.2ms)[0m  SELECT "gists".* FROM "gists"
  Rendered gists/index.html.erb within layouts/application (2.0ms)
Completed 200 OK in 9ms (Views: 7.2ms | ActiveRecord: 0.2ms)


Started DELETE "/gists/1" for 127.0.0.1 at 2014-03-09 14:07:02 +0100
Processing by GistsController#destroy as HTML
  Parameters: {"authenticity_token"=>"1OtsLXL69qIj2x0+uJq03qTlrXU1dwqD558xtfJH3kA=", "id"=>"1"}
  [1m[36mGist Load (0.2ms)[0m  [1mSELECT "gists".* FROM "gists" WHERE "gists"."id" = ? LIMIT 1[0m  [["id", "1"]]
  [1m[35m (0.2ms)[0m  begin transaction
  [1m[36mSQL (0.3ms)[0m  [1mDELETE FROM "gists" WHERE "gists"."id" = ?[0m  [["id", 1]]
  [1m[35m (108.6ms)[0m  commit transaction
Redirected to http://localhost:3000/gists
Completed 302 Found in 114ms (ActiveRecord: 109.2ms)


Started GET "/gists" for 127.0.0.1 at 2014-03-09 14:07:02 +0100
Processing by GistsController#index as HTML
  [1m[36mGist Load (0.2ms)[0m  [1mSELECT "gists".* FROM "gists"[0m
  Rendered gists/index.html.erb within layouts/application (1.1ms)
Completed 200 OK in 9ms (Views: 6.7ms | ActiveRecord: 0.2ms)


Started GET "/gists/new" for 127.0.0.1 at 2014-03-09 14:07:04 +0100
Processing by GistsController#new as HTML
  Rendered gists/_form.html.erb (6.0ms)
  Rendered gists/new.html.erb within layouts/application (7.4ms)
Completed 200 OK in 15ms (Views: 14.0ms | ActiveRecord: 0.0ms)


Started POST "/gists" for 127.0.0.1 at 2014-03-09 14:07:46 +0100
Processing by GistsController#create as HTML
  Parameters: {"utf8"=>"✓", "authenticity_token"=>"1OtsLXL69qIj2x0+uJq03qTlrXU1dwqD558xtfJH3kA=", "gist"=>{"snippet"=>"public String cos() {\r\nint i = 0;\r\n}", "lang"=>"java", "description"=>"cokolwiek"}, "commit"=>"Create Gist"}
  [1m[35m (0.1ms)[0m  begin transaction
  [1m[36mSQL (0.6ms)[0m  [1mINSERT INTO "gists" ("created_at", "description", "lang", "snippet", "updated_at") VALUES (?, ?, ?, ?, ?)[0m  [["created_at", Sun, 09 Mar 2014 13:07:46 UTC +00:00], ["description", "cokolwiek"], ["lang", "java"], ["snippet", "public String cos() {\r\nint i = 0;\r\n}"], ["updated_at", Sun, 09 Mar 2014 13:07:46 UTC +00:00]]
  [1m[35m (183.8ms)[0m  commit transaction
Redirected to http://localhost:3000/gists/2
Completed 302 Found in 189ms (ActiveRecord: 184.4ms)


Started GET "/gists/2" for 127.0.0.1 at 2014-03-09 14:07:46 +0100
Processing by GistsController#show as HTML
  Parameters: {"id"=>"2"}
  [1m[36mGist Load (0.3ms)[0m  [1mSELECT "gists".* FROM "gists" WHERE "gists"."id" = ? LIMIT 1[0m  [["id", "2"]]
  Rendered gists/show.html.erb within layouts/application (134.2ms)
Completed 200 OK in 144ms (Views: 141.0ms | ActiveRecord: 0.3ms)


Started GET "/gists" for 127.0.0.1 at 2014-03-09 14:09:39 +0100
Processing by GistsController#index as HTML
  [1m[35mGist Load (0.4ms)[0m  SELECT "gists".* FROM "gists"
  Rendered gists/index.html.erb within layouts/application (3.4ms)
Completed 200 OK in 13ms (Views: 11.7ms | ActiveRecord: 0.4ms)


Started GET "/gists/2/edit" for 127.0.0.1 at 2014-03-09 14:09:49 +0100
Processing by GistsController#edit as HTML
  Parameters: {"id"=>"2"}
  [1m[36mGist Load (0.2ms)[0m  [1mSELECT "gists".* FROM "gists" WHERE "gists"."id" = ? LIMIT 1[0m  [["id", "2"]]
  Rendered gists/_form.html.erb (3.4ms)
  Rendered gists/edit.html.erb within layouts/application (5.0ms)
Completed 200 OK in 12ms (Views: 10.3ms | ActiveRecord: 0.2ms)


Started GET "/gists/2" for 127.0.0.1 at 2014-03-09 14:09:56 +0100
Processing by GistsController#show as HTML
  Parameters: {"id"=>"2"}
  [1m[35mGist Load (0.2ms)[0m  SELECT "gists".* FROM "gists" WHERE "gists"."id" = ? LIMIT 1  [["id", "2"]]
  Rendered gists/show.html.erb within layouts/application (106.8ms)
Completed 200 OK in 117ms (Views: 115.1ms | ActiveRecord: 0.2ms)


Started GET "/gists" for 127.0.0.1 at 2014-03-09 14:14:40 +0100
Processing by GistsController#index as HTML
  [1m[36mGist Load (0.2ms)[0m  [1mSELECT "gists".* FROM "gists"[0m
  Rendered gists/index.html.erb within layouts/application (2.0ms)
Completed 200 OK in 8ms (Views: 7.0ms | ActiveRecord: 0.2ms)


Started GET "/gists/new" for 127.0.0.1 at 2014-03-09 14:14:43 +0100
Processing by GistsController#new as HTML
  Rendered gists/_form.html.erb (4.3ms)
  Rendered gists/new.html.erb within layouts/application (5.4ms)
Completed 200 OK in 14ms (Views: 11.4ms | ActiveRecord: 0.0ms)


Started GET "/gists/new" for 127.0.0.1 at 2014-03-09 14:14:53 +0100
Processing by GistsController#new as HTML
  Rendered gists/_form.html.erb (4.1ms)
  Rendered gists/new.html.erb within layouts/application (5.1ms)
Completed 200 OK in 12ms (Views: 11.0ms | ActiveRecord: 0.0ms)


Started GET "/gists/new" for 127.0.0.1 at 2014-03-09 14:15:02 +0100
Processing by GistsController#new as HTML
  Rendered gists/_form.html.erb (10.6ms)
  Rendered gists/new.html.erb within layouts/application (12.7ms)
Completed 200 OK in 22ms (Views: 20.0ms | ActiveRecord: 0.0ms)


Started GET "/gists/new" for 127.0.0.1 at 2014-03-09 14:15:17 +0100
Processing by GistsController#new as HTML
  Rendered gists/_form.html.erb (6.1ms)
  Rendered gists/new.html.erb within layouts/application (7.6ms)
Completed 200 OK in 17ms (Views: 15.0ms | ActiveRecord: 0.0ms)


Started GET "/iytyghj" for 127.0.0.1 at 2014-03-09 14:37:59 +0100

ActionController::RoutingError (No route matches [GET] "/iytyghj"):
  actionpack (4.0.3) lib/action_dispatch/middleware/debug_exceptions.rb:21:in `call'
  actionpack (4.0.3) lib/action_dispatch/middleware/show_exceptions.rb:30:in `call'
  railties (4.0.3) lib/rails/rack/logger.rb:38:in `call_app'
  railties (4.0.3) lib/rails/rack/logger.rb:20:in `block in call'
  activesupport (4.0.3) lib/active_support/tagged_logging.rb:67:in `block in tagged'
  activesupport (4.0.3) lib/active_support/tagged_logging.rb:25:in `tagged'
  activesupport (4.0.3) lib/active_support/tagged_logging.rb:67:in `tagged'
  railties (4.0.3) lib/rails/rack/logger.rb:20:in `call'
  quiet_assets (1.0.2) lib/quiet_assets.rb:18:in `call_with_quiet_assets'
  actionpack (4.0.3) lib/action_dispatch/middleware/request_id.rb:21:in `call'
  rack (1.5.2) lib/rack/methodoverride.rb:21:in `call'
  rack (1.5.2) lib/rack/runtime.rb:17:in `call'
  activesupport (4.0.3) lib/active_support/cache/strategy/local_cache.rb:83:in `call'
  rack (1.5.2) lib/rack/lock.rb:17:in `call'
  actionpack (4.0.3) lib/action_dispatch/middleware/static.rb:64:in `call'
  rack (1.5.2) lib/rack/sendfile.rb:112:in `call'
  railties (4.0.3) lib/rails/engine.rb:511:in `call'
  railties (4.0.3) lib/rails/application.rb:97:in `call'
  rack (1.5.2) lib/rack/lock.rb:17:in `call'
  rack (1.5.2) lib/rack/content_length.rb:14:in `call'
  rack (1.5.2) lib/rack/handler/webrick.rb:60:in `service'
  /home/michal-linux/.rvm/rubies/ruby-1.9.3-p484/lib/ruby/1.9.1/webrick/httpserver.rb:138:in `service'
  /home/michal-linux/.rvm/rubies/ruby-1.9.3-p484/lib/ruby/1.9.1/webrick/httpserver.rb:94:in `run'
  /home/michal-linux/.rvm/rubies/ruby-1.9.3-p484/lib/ruby/1.9.1/webrick/server.rb:191:in `block in start_thread'


  Rendered /home/michal-linux/.rvm/gems/ruby-1.9.3-p484/gems/actionpack-4.0.3/lib/action_dispatch/middleware/templates/rescues/_trace.erb (1.4ms)
  Rendered /home/michal-linux/.rvm/gems/ruby-1.9.3-p484/gems/actionpack-4.0.3/lib/action_dispatch/middleware/templates/routes/_route.html.erb (1.2ms)
  Rendered /home/michal-linux/.rvm/gems/ruby-1.9.3-p484/gems/actionpack-4.0.3/lib/action_dispatch/middleware/templates/routes/_table.html.erb (4.4ms)
  Rendered /home/michal-linux/.rvm/gems/ruby-1.9.3-p484/gems/actionpack-4.0.3/lib/action_dispatch/middleware/templates/rescues/routing_error.erb within rescues/layout (25.3ms)


Started GET "/" for 127.0.0.1 at 2014-03-09 14:40:26 +0100
Processing by GistsController#index as HTML
  [1m[35mGist Load (0.4ms)[0m  SELECT "gists".* FROM "gists"
  Rendered gists/index.html.erb within layouts/application (12.9ms)
Completed 200 OK in 21ms (Views: 17.7ms | ActiveRecord: 0.7ms)


Started GET "/" for 127.0.0.1 at 2014-03-09 15:05:02 +0100
  [1m[36mActiveRecord::SchemaMigration Load (0.2ms)[0m  [1mSELECT "schema_migrations".* FROM "schema_migrations"[0m
Processing by GistsController#index as HTML
  [1m[35mGist Load (0.3ms)[0m  SELECT "gists".* FROM "gists"
  Rendered gists/index.html.erb within layouts/application (13.5ms)
Warning. Error encountered while saving cache fb131c836af2039cf6fb47c6d265f94d21dd5460/custom.css.scssc: can't dump anonymous class #<Class:0x000000020097c0>
Warning. Error encountered while saving cache b8b0f6339df2d1ad050e38cb83e673379531f758/bootstrap.scssc: can't dump anonymous class #<Class:0x000000020097c0>
Warning. Error encountered while saving cache a6fd597e31d06d4b2ba3e6a299d888f3d83730b6/_variables.scssc: can't dump anonymous class #<Class:0x000000020097c0>
Warning. Error encountered while saving cache a6fd597e31d06d4b2ba3e6a299d888f3d83730b6/_mixins.scssc: can't dump anonymous class #<Class:0x000000020097c0>
Warning. Error encountered while saving cache a6fd597e31d06d4b2ba3e6a299d888f3d83730b6/_normalize.scssc: can't dump anonymous class #<Class:0x000000020097c0>
Warning. Error encountered while saving cache a6fd597e31d06d4b2ba3e6a299d888f3d83730b6/_print.scssc: can't dump anonymous class #<Class:0x000000020097c0>
Warning. Error encountered while saving cache a6fd597e31d06d4b2ba3e6a299d888f3d83730b6/_scaffolding.scssc: can't dump anonymous class #<Class:0x000000020097c0>
Warning. Error encountered while saving cache a6fd597e31d06d4b2ba3e6a299d888f3d83730b6/_type.scssc: can't dump anonymous class #<Class:0x000000020097c0>
Warning. Error encountered while saving cache a6fd597e31d06d4b2ba3e6a299d888f3d83730b6/_code.scssc: can't dump anonymous class #<Class:0x000000020097c0>
Warning. Error encountered while saving cache a6fd597e31d06d4b2ba3e6a299d888f3d83730b6/_grid.scssc: can't dump anonymous class #<Class:0x000000020097c0>
Warning. Error encountered while saving cache a6fd597e31d06d4b2ba3e6a299d888f3d83730b6/_tables.scssc: can't dump anonymous class #<Class:0x000000020097c0>
Warning. Error encountered while saving cache a6fd597e31d06d4b2ba3e6a299d888f3d83730b6/_forms.scssc: can't dump anonymous class #<Class:0x000000020097c0>
Warning. Error encountered while saving cache a6fd597e31d06d4b2ba3e6a299d888f3d83730b6/_buttons.scssc: can't dump anonymous class #<Class:0x000000020097c0>
Warning. Error encountered while saving cache a6fd597e31d06d4b2ba3e6a299d888f3d83730b6/_component-animations.scssc: can't dump anonymous class #<Class:0x000000020097c0>
Warning. Error encountered while saving cache a6fd597e31d06d4b2ba3e6a299d888f3d83730b6/_glyphicons.scssc: can't dump anonymous class #<Class:0x000000020097c0>
Warning. Error encountered while saving cache a6fd597e31d06d4b2ba3e6a299d888f3d83730b6/_dropdowns.scssc: can't dump anonymous class #<Class:0x000000020097c0>
Warning. Error encountered while saving cache a6fd597e31d06d4b2ba3e6a299d888f3d83730b6/_button-groups.scssc: can't dump anonymous class #<Class:0x000000020097c0>
Warning. Error encountered while saving cache a6fd597e31d06d4b2ba3e6a299d888f3d83730b6/_input-groups.scssc: can't dump anonymous class #<Class:0x000000020097c0>
Warning. Error encountered while saving cache a6fd597e31d06d4b2ba3e6a299d888f3d83730b6/_navs.scssc: can't dump anonymous class #<Class:0x000000020097c0>
Warning. Error encountered while saving cache a6fd597e31d06d4b2ba3e6a299d888f3d83730b6/_navbar.scssc: can't dump anonymous class #<Class:0x000000020097c0>
Warning. Error encountered while saving cache a6fd597e31d06d4b2ba3e6a299d888f3d83730b6/_breadcrumbs.scssc: can't dump anonymous class #<Class:0x000000020097c0>
Warning. Error encountered while saving cache a6fd597e31d06d4b2ba3e6a299d888f3d83730b6/_pagination.scssc: can't dump anonymous class #<Class:0x000000020097c0>
Warning. Error encountered while saving cache a6fd597e31d06d4b2ba3e6a299d888f3d83730b6/_pager.scssc: can't dump anonymous class #<Class:0x000000020097c0>
Warning. Error encountered while saving cache a6fd597e31d06d4b2ba3e6a299d888f3d83730b6/_labels.scssc: can't dump anonymous class #<Class:0x000000020097c0>
Warning. Error encountered while saving cache a6fd597e31d06d4b2ba3e6a299d888f3d83730b6/_badges.scssc: can't dump anonymous class #<Class:0x000000020097c0>
Warning. Error encountered while saving cache a6fd597e31d06d4b2ba3e6a299d888f3d83730b6/_jumbotron.scssc: can't dump anonymous class #<Class:0x000000020097c0>
Warning. Error encountered while saving cache a6fd597e31d06d4b2ba3e6a299d888f3d83730b6/_thumbnails.scssc: can't dump anonymous class #<Class:0x000000020097c0>
Warning. Error encountered while saving cache a6fd597e31d06d4b2ba3e6a299d888f3d83730b6/_alerts.scssc: can't dump anonymous class #<Class:0x000000020097c0>
Warning. Error encountered while saving cache a6fd597e31d06d4b2ba3e6a299d888f3d83730b6/_progress-bars.scssc: can't dump anonymous class #<Class:0x000000020097c0>
Warning. Error encountered while saving cache a6fd597e31d06d4b2ba3e6a299d888f3d83730b6/_media.scssc: can't dump anonymous class #<Class:0x000000020097c0>
Warning. Error encountered while saving cache a6fd597e31d06d4b2ba3e6a299d888f3d83730b6/_list-group.scssc: can't dump anonymous class #<Class:0x000000020097c0>
Warning. Error encountered while saving cache a6fd597e31d06d4b2ba3e6a299d888f3d83730b6/_panels.scssc: can't dump anonymous class #<Class:0x000000020097c0>
Warning. Error encountered while saving cache a6fd597e31d06d4b2ba3e6a299d888f3d83730b6/_wells.scssc: can't dump anonymous class #<Class:0x000000020097c0>
Warning. Error encountered while saving cache a6fd597e31d06d4b2ba3e6a299d888f3d83730b6/_close.scssc: can't dump anonymous class #<Class:0x000000020097c0>
Warning. Error encountered while saving cache a6fd597e31d06d4b2ba3e6a299d888f3d83730b6/_modals.scssc: can't dump anonymous class #<Class:0x000000020097c0>
Warning. Error encountered while saving cache a6fd597e31d06d4b2ba3e6a299d888f3d83730b6/_tooltip.scssc: can't dump anonymous class #<Class:0x000000020097c0>
Warning. Error encountered while saving cache a6fd597e31d06d4b2ba3e6a299d888f3d83730b6/_popovers.scssc: can't dump anonymous class #<Class:0x000000020097c0>
Warning. Error encountered while saving cache a6fd597e31d06d4b2ba3e6a299d888f3d83730b6/_carousel.scssc: can't dump anonymous class #<Class:0x000000020097c0>
Warning. Error encountered while saving cache a6fd597e31d06d4b2ba3e6a299d888f3d83730b6/_utilities.scssc: can't dump anonymous class #<Class:0x000000020097c0>
Warning. Error encountered while saving cache a6fd597e31d06d4b2ba3e6a299d888f3d83730b6/_responsive-utilities.scssc: can't dump anonymous class #<Class:0x000000020097c0>
Completed 200 OK in 2967ms (Views: 2940.2ms | ActiveRecord: 0.6ms)


Started GET "/gists/2" for 127.0.0.1 at 2014-03-09 15:05:24 +0100
Processing by GistsController#show as HTML
  Parameters: {"id"=>"2"}
  [1m[36mGist Load (0.4ms)[0m  [1mSELECT "gists".* FROM "gists" WHERE "gists"."id" = ? LIMIT 1[0m  [["id", "2"]]
  Rendered gists/show.html.erb within layouts/application (115.2ms)
Completed 200 OK in 129ms (Views: 125.1ms | ActiveRecord: 0.4ms)


Started GET "/" for 127.0.0.1 at 2014-03-09 15:11:45 +0100
Processing by GistsController#index as HTML
  [1m[35mGist Load (0.5ms)[0m  SELECT "gists".* FROM "gists"
  Rendered gists/index.html.erb within layouts/application (4.2ms)
Completed 200 OK in 18ms (Views: 15.7ms | ActiveRecord: 0.5ms)


Started GET "/" for 127.0.0.1 at 2014-03-09 15:11:51 +0100
Processing by GistsController#index as HTML
  [1m[36mGist Load (0.2ms)[0m  [1mSELECT "gists".* FROM "gists"[0m
  Rendered gists/index.html.erb within layouts/application (2.0ms)
Completed 200 OK in 9ms (Views: 8.0ms | ActiveRecord: 0.2ms)


Started GET "/" for 127.0.0.1 at 2014-03-09 15:11:52 +0100
Processing by GistsController#index as HTML
  [1m[35mGist Load (0.2ms)[0m  SELECT "gists".* FROM "gists"
  Rendered gists/index.html.erb within layouts/application (1.5ms)
Completed 200 OK in 12ms (Views: 10.2ms | ActiveRecord: 0.2ms)


Started GET "/" for 127.0.0.1 at 2014-03-09 15:11:52 +0100
Processing by GistsController#index as HTML
  [1m[36mGist Load (0.4ms)[0m  [1mSELECT "gists".* FROM "gists"[0m
  Rendered gists/index.html.erb within layouts/application (2.7ms)
Completed 200 OK in 12ms (Views: 10.3ms | ActiveRecord: 0.4ms)


Started GET "/" for 127.0.0.1 at 2014-03-09 15:11:53 +0100
Processing by GistsController#index as HTML
  [1m[35mGist Load (0.2ms)[0m  SELECT "gists".* FROM "gists"
  Rendered gists/index.html.erb within layouts/application (1.5ms)
Completed 200 OK in 9ms (Views: 7.9ms | ActiveRecord: 0.2ms)


Started GET "/" for 127.0.0.1 at 2014-03-09 15:11:53 +0100
Processing by GistsController#index as HTML
  [1m[36mGist Load (0.4ms)[0m  [1mSELECT "gists".* FROM "gists"[0m
  Rendered gists/index.html.erb within layouts/application (2.9ms)
Completed 200 OK in 16ms (Views: 14.1ms | ActiveRecord: 0.4ms)


Started GET "/" for 127.0.0.1 at 2014-03-09 15:11:53 +0100
Processing by GistsController#index as HTML
  [1m[35mGist Load (0.2ms)[0m  SELECT "gists".* FROM "gists"
  Rendered gists/index.html.erb within layouts/application (1.7ms)
Completed 200 OK in 10ms (Views: 8.8ms | ActiveRecord: 0.2ms)


Started GET "/" for 127.0.0.1 at 2014-03-09 15:11:54 +0100
Processing by GistsController#index as HTML
  [1m[36mGist Load (0.5ms)[0m  [1mSELECT "gists".* FROM "gists"[0m
  Rendered gists/index.html.erb within layouts/application (2.8ms)
Completed 200 OK in 14ms (Views: 11.7ms | ActiveRecord: 0.5ms)


Started GET "/" for 127.0.0.1 at 2014-03-09 15:11:54 +0100
Processing by GistsController#index as HTML
  [1m[35mGist Load (1.0ms)[0m  SELECT "gists".* FROM "gists"
  Rendered gists/index.html.erb within layouts/application (2.9ms)
Completed 200 OK in 12ms (Views: 9.6ms | ActiveRecord: 1.0ms)


Started GET "/" for 127.0.0.1 at 2014-03-09 15:11:54 +0100
Processing by GistsController#index as HTML
  [1m[36mGist Load (0.2ms)[0m  [1mSELECT "gists".* FROM "gists"[0m
  Rendered gists/index.html.erb within layouts/application (1.6ms)
Completed 200 OK in 11ms (Views: 9.5ms | ActiveRecord: 0.2ms)


Started GET "/" for 127.0.0.1 at 2014-03-09 15:11:55 +0100
Processing by GistsController#index as HTML
  [1m[35mGist Load (0.4ms)[0m  SELECT "gists".* FROM "gists"
  Rendered gists/index.html.erb within layouts/application (2.8ms)
Completed 200 OK in 12ms (Views: 10.6ms | ActiveRecord: 0.4ms)


Started GET "/" for 127.0.0.1 at 2014-03-09 15:12:04 +0100
  [1m[36mActiveRecord::SchemaMigration Load (0.1ms)[0m  [1mSELECT "schema_migrations".* FROM "schema_migrations"[0m
Processing by GistsController#index as HTML
  [1m[35mGist Load (0.3ms)[0m  SELECT "gists".* FROM "gists"
  Rendered gists/index.html.erb within layouts/application (13.9ms)
Completed 200 OK in 155ms (Views: 128.5ms | ActiveRecord: 0.6ms)


Started GET "/" for 127.0.0.1 at 2014-03-09 15:12:06 +0100
Processing by GistsController#index as HTML
  [1m[36mGist Load (0.4ms)[0m  [1mSELECT "gists".* FROM "gists"[0m
  Rendered gists/index.html.erb within layouts/application (4.5ms)
Completed 200 OK in 17ms (Views: 15.3ms | ActiveRecord: 0.4ms)


Started GET "/" for 127.0.0.1 at 2014-03-09 15:14:18 +0100
Processing by GistsController#index as HTML
  [1m[35mGist Load (0.3ms)[0m  SELECT "gists".* FROM "gists"
  Rendered gists/index.html.erb within layouts/application (3.2ms)
Completed 200 OK in 12ms (Views: 10.3ms | ActiveRecord: 0.3ms)


Started GET "/" for 127.0.0.1 at 2014-03-09 15:15:17 +0100
Processing by GistsController#index as HTML
  [1m[36mGist Load (0.4ms)[0m  [1mSELECT "gists".* FROM "gists"[0m
  Rendered gists/index.html.erb within layouts/application (2.9ms)
Completed 200 OK in 18ms (Views: 15.9ms | ActiveRecord: 0.4ms)


Started GET "/" for 127.0.0.1 at 2014-03-09 15:15:22 +0100
Processing by GistsController#index as HTML
  [1m[35mGist Load (0.2ms)[0m  SELECT "gists".* FROM "gists"
  Rendered gists/index.html.erb within layouts/application (2.0ms)
Completed 200 OK in 9ms (Views: 8.2ms | ActiveRecord: 0.2ms)


Started GET "/" for 127.0.0.1 at 2014-03-09 15:15:23 +0100
Processing by GistsController#index as HTML
  [1m[36mGist Load (0.2ms)[0m  [1mSELECT "gists".* FROM "gists"[0m
  Rendered gists/index.html.erb within layouts/application (1.8ms)
Completed 200 OK in 10ms (Views: 9.2ms | ActiveRecord: 0.2ms)


Started GET "/" for 127.0.0.1 at 2014-03-09 15:15:24 +0100
Processing by GistsController#index as HTML
  [1m[35mGist Load (0.4ms)[0m  SELECT "gists".* FROM "gists"
  Rendered gists/index.html.erb within layouts/application (2.6ms)
Completed 200 OK in 12ms (Views: 10.2ms | ActiveRecord: 0.4ms)


Started GET "/" for 127.0.0.1 at 2014-03-09 15:16:25 +0100
Processing by GistsController#index as HTML
  [1m[36mGist Load (0.4ms)[0m  [1mSELECT "gists".* FROM "gists"[0m
  Rendered gists/index.html.erb within layouts/application (3.0ms)
Completed 200 OK in 17ms (Views: 15.2ms | ActiveRecord: 0.4ms)


Started GET "/" for 127.0.0.1 at 2014-03-09 15:16:29 +0100
Processing by GistsController#index as HTML
  [1m[35mGist Load (0.5ms)[0m  SELECT "gists".* FROM "gists"
  Rendered gists/index.html.erb within layouts/application (4.5ms)
Completed 200 OK in 17ms (Views: 14.7ms | ActiveRecord: 0.5ms)


Started GET "/" for 127.0.0.1 at 2014-03-09 15:16:29 +0100
Processing by GistsController#index as HTML
  [1m[36mGist Load (0.4ms)[0m  [1mSELECT "gists".* FROM "gists"[0m
  Rendered gists/index.html.erb within layouts/application (2.9ms)
Completed 200 OK in 14ms (Views: 12.3ms | ActiveRecord: 0.4ms)


Started GET "/" for 127.0.0.1 at 2014-03-09 15:17:13 +0100
Processing by GistsController#index as HTML
  [1m[35mGist Load (0.5ms)[0m  SELECT "gists".* FROM "gists"
  Rendered gists/index.html.erb within layouts/application (3.0ms)
Completed 200 OK in 51ms (Views: 49.8ms | ActiveRecord: 0.5ms)


Started GET "/" for 127.0.0.1 at 2014-03-09 15:17:14 +0100
Processing by GistsController#index as HTML
  [1m[36mGist Load (0.5ms)[0m  [1mSELECT "gists".* FROM "gists"[0m
  Rendered gists/index.html.erb within layouts/application (4.2ms)
Completed 200 OK in 16ms (Views: 14.5ms | ActiveRecord: 0.5ms)


Started GET "/" for 127.0.0.1 at 2014-03-09 15:17:14 +0100
Processing by GistsController#index as HTML
  [1m[35mGist Load (0.3ms)[0m  SELECT "gists".* FROM "gists"
  Rendered gists/index.html.erb within layouts/application (2.9ms)
Completed 200 OK in 15ms (Views: 13.4ms | ActiveRecord: 0.3ms)


Started GET "/" for 127.0.0.1 at 2014-03-09 15:17:14 +0100
Processing by GistsController#index as HTML
  [1m[36mGist Load (0.3ms)[0m  [1mSELECT "gists".* FROM "gists"[0m
  Rendered gists/index.html.erb within layouts/application (1.7ms)
Completed 200 OK in 10ms (Views: 8.3ms | ActiveRecord: 0.3ms)


Started GET "/" for 127.0.0.1 at 2014-03-09 15:17:14 +0100
Processing by GistsController#index as HTML
  [1m[35mGist Load (0.2ms)[0m  SELECT "gists".* FROM "gists"
  Rendered gists/index.html.erb within layouts/application (1.7ms)
Completed 200 OK in 8ms (Views: 7.4ms | ActiveRecord: 0.2ms)


Started GET "/" for 127.0.0.1 at 2014-03-09 15:17:14 +0100
Processing by GistsController#index as HTML
  [1m[36mGist Load (0.3ms)[0m  [1mSELECT "gists".* FROM "gists"[0m
  Rendered gists/index.html.erb within layouts/application (2.1ms)
Completed 200 OK in 9ms (Views: 8.1ms | ActiveRecord: 0.3ms)


Started GET "/" for 127.0.0.1 at 2014-03-09 15:17:14 +0100
Processing by GistsController#index as HTML
  [1m[35mGist Load (0.2ms)[0m  SELECT "gists".* FROM "gists"
  Rendered gists/index.html.erb within layouts/application (1.5ms)
Completed 200 OK in 9ms (Views: 7.8ms | ActiveRecord: 0.2ms)


Started GET "/" for 127.0.0.1 at 2014-03-09 15:17:14 +0100
Processing by GistsController#index as HTML
  [1m[36mGist Load (0.2ms)[0m  [1mSELECT "gists".* FROM "gists"[0m
  Rendered gists/index.html.erb within layouts/application (1.5ms)
Completed 200 OK in 9ms (Views: 8.0ms | ActiveRecord: 0.2ms)


Started GET "/" for 127.0.0.1 at 2014-03-09 15:17:14 +0100
Processing by GistsController#index as HTML
  [1m[35mGist Load (0.2ms)[0m  SELECT "gists".* FROM "gists"
  Rendered gists/index.html.erb within layouts/application (1.5ms)
Completed 200 OK in 8ms (Views: 7.2ms | ActiveRecord: 0.2ms)


Started GET "/" for 127.0.0.1 at 2014-03-09 15:17:14 +0100
Processing by GistsController#index as HTML
  [1m[36mGist Load (0.2ms)[0m  [1mSELECT "gists".* FROM "gists"[0m
  Rendered gists/index.html.erb within layouts/application (1.7ms)
Completed 200 OK in 9ms (Views: 8.3ms | ActiveRecord: 0.2ms)


Started GET "/" for 127.0.0.1 at 2014-03-09 15:17:15 +0100
Processing by GistsController#index as HTML
  [1m[35mGist Load (0.2ms)[0m  SELECT "gists".* FROM "gists"
  Rendered gists/index.html.erb within layouts/application (1.8ms)
Completed 200 OK in 9ms (Views: 8.4ms | ActiveRecord: 0.2ms)


Started GET "/" for 127.0.0.1 at 2014-03-09 15:17:15 +0100
Processing by GistsController#index as HTML
  [1m[36mGist Load (0.2ms)[0m  [1mSELECT "gists".* FROM "gists"[0m
  Rendered gists/index.html.erb within layouts/application (1.6ms)
Completed 200 OK in 10ms (Views: 8.6ms | ActiveRecord: 0.2ms)


Started GET "/" for 127.0.0.1 at 2014-03-09 15:17:15 +0100
Processing by GistsController#index as HTML
  [1m[35mGist Load (0.2ms)[0m  SELECT "gists".* FROM "gists"
  Rendered gists/index.html.erb within layouts/application (1.7ms)
Completed 200 OK in 10ms (Views: 8.6ms | ActiveRecord: 0.2ms)


Started GET "/" for 127.0.0.1 at 2014-03-09 15:17:15 +0100
Processing by GistsController#index as HTML
  [1m[36mGist Load (0.3ms)[0m  [1mSELECT "gists".* FROM "gists"[0m
  Rendered gists/index.html.erb within layouts/application (1.7ms)
Completed 200 OK in 9ms (Views: 8.0ms | ActiveRecord: 0.3ms)


Started GET "/" for 127.0.0.1 at 2014-03-09 15:17:15 +0100
Processing by GistsController#index as HTML
  [1m[35mGist Load (0.2ms)[0m  SELECT "gists".* FROM "gists"
  Rendered gists/index.html.erb within layouts/application (1.6ms)
Completed 200 OK in 10ms (Views: 9.1ms | ActiveRecord: 0.2ms)


Started GET "/" for 127.0.0.1 at 2014-03-09 15:17:15 +0100
Processing by GistsController#index as HTML
  [1m[36mGist Load (0.2ms)[0m  [1mSELECT "gists".* FROM "gists"[0m
  Rendered gists/index.html.erb within layouts/application (1.6ms)
Completed 200 OK in 34ms (Views: 32.9ms | ActiveRecord: 0.2ms)


Started GET "/" for 127.0.0.1 at 2014-03-09 15:17:15 +0100
Processing by GistsController#index as HTML
  [1m[35mGist Load (0.2ms)[0m  SELECT "gists".* FROM "gists"
  Rendered gists/index.html.erb within layouts/application (1.9ms)
Completed 200 OK in 10ms (Views: 8.8ms | ActiveRecord: 0.2ms)


Started GET "/" for 127.0.0.1 at 2014-03-09 15:17:15 +0100
Processing by GistsController#index as HTML
  [1m[36mGist Load (0.2ms)[0m  [1mSELECT "gists".* FROM "gists"[0m
  Rendered gists/index.html.erb within layouts/application (1.6ms)
Completed 200 OK in 8ms (Views: 7.4ms | ActiveRecord: 0.2ms)


Started GET "/" for 127.0.0.1 at 2014-03-09 15:17:15 +0100
Processing by GistsController#index as HTML
  [1m[35mGist Load (0.3ms)[0m  SELECT "gists".* FROM "gists"
  Rendered gists/index.html.erb within layouts/application (2.5ms)
Completed 200 OK in 12ms (Views: 10.6ms | ActiveRecord: 0.3ms)


Started GET "/" for 127.0.0.1 at 2014-03-09 15:17:15 +0100
Processing by GistsController#index as HTML
  [1m[36mGist Load (0.2ms)[0m  [1mSELECT "gists".* FROM "gists"[0m
  Rendered gists/index.html.erb within layouts/application (1.8ms)
Completed 200 OK in 9ms (Views: 8.3ms | ActiveRecord: 0.2ms)


Started GET "/" for 127.0.0.1 at 2014-03-09 15:17:15 +0100
Processing by GistsController#index as HTML
  [1m[35mGist Load (0.3ms)[0m  SELECT "gists".* FROM "gists"
  Rendered gists/index.html.erb within layouts/application (2.0ms)
Completed 200 OK in 51ms (Views: 49.8ms | ActiveRecord: 0.3ms)


Started GET "/" for 127.0.0.1 at 2014-03-09 15:17:15 +0100
Processing by GistsController#index as HTML
  [1m[36mGist Load (0.3ms)[0m  [1mSELECT "gists".* FROM "gists"[0m
  Rendered gists/index.html.erb within layouts/application (1.8ms)
Completed 200 OK in 8ms (Views: 7.4ms | ActiveRecord: 0.3ms)


Started GET "/" for 127.0.0.1 at 2014-03-09 15:17:15 +0100
Processing by GistsController#index as HTML
  [1m[35mGist Load (0.2ms)[0m  SELECT "gists".* FROM "gists"
  Rendered gists/index.html.erb within layouts/application (1.8ms)
Completed 200 OK in 11ms (Views: 9.9ms | ActiveRecord: 0.2ms)


Started GET "/" for 127.0.0.1 at 2014-03-09 15:17:15 +0100
Processing by GistsController#index as HTML
  [1m[36mGist Load (0.2ms)[0m  [1mSELECT "gists".* FROM "gists"[0m
  Rendered gists/index.html.erb within layouts/application (1.6ms)
Completed 200 OK in 10ms (Views: 9.2ms | ActiveRecord: 0.2ms)


Started GET "/" for 127.0.0.1 at 2014-03-09 15:17:15 +0100
Processing by GistsController#index as HTML
  [1m[35mGist Load (0.2ms)[0m  SELECT "gists".* FROM "gists"
  Rendered gists/index.html.erb within layouts/application (1.7ms)
Completed 200 OK in 8ms (Views: 7.1ms | ActiveRecord: 0.2ms)


Started GET "/" for 127.0.0.1 at 2014-03-09 15:17:15 +0100
Processing by GistsController#index as HTML
  [1m[36mGist Load (0.2ms)[0m  [1mSELECT "gists".* FROM "gists"[0m
  Rendered gists/index.html.erb within layouts/application (1.7ms)
Completed 200 OK in 9ms (Views: 8.4ms | ActiveRecord: 0.2ms)


Started GET "/" for 127.0.0.1 at 2014-03-09 15:17:15 +0100
Processing by GistsController#index as HTML
  [1m[35mGist Load (0.2ms)[0m  SELECT "gists".* FROM "gists"
  Rendered gists/index.html.erb within layouts/application (1.6ms)
Completed 200 OK in 9ms (Views: 7.2ms | ActiveRecord: 0.2ms)


Started GET "/" for 127.0.0.1 at 2014-03-09 15:17:15 +0100
Processing by GistsController#index as HTML
  [1m[36mGist Load (0.3ms)[0m  [1mSELECT "gists".* FROM "gists"[0m
  Rendered gists/index.html.erb within layouts/application (1.8ms)
Completed 200 OK in 12ms (Views: 10.8ms | ActiveRecord: 0.3ms)


Started GET "/" for 127.0.0.1 at 2014-03-09 15:17:15 +0100
Processing by GistsController#index as HTML
  [1m[35mGist Load (0.3ms)[0m  SELECT "gists".* FROM "gists"
  Rendered gists/index.html.erb within layouts/application (3.3ms)
Completed 200 OK in 12ms (Views: 11.2ms | ActiveRecord: 0.3ms)


Started GET "/" for 127.0.0.1 at 2014-03-09 15:17:15 +0100
Processing by GistsController#index as HTML
  [1m[36mGist Load (0.2ms)[0m  [1mSELECT "gists".* FROM "gists"[0m
  Rendered gists/index.html.erb within layouts/application (1.6ms)
Completed 200 OK in 8ms (Views: 7.1ms | ActiveRecord: 0.2ms)


Started GET "/" for 127.0.0.1 at 2014-03-09 15:17:15 +0100
Processing by GistsController#index as HTML
  [1m[35mGist Load (0.2ms)[0m  SELECT "gists".* FROM "gists"
  Rendered gists/index.html.erb within layouts/application (1.8ms)
Completed 200 OK in 10ms (Views: 8.6ms | ActiveRecord: 0.2ms)


Started GET "/" for 127.0.0.1 at 2014-03-09 15:17:15 +0100
Processing by GistsController#index as HTML
  [1m[36mGist Load (0.2ms)[0m  [1mSELECT "gists".* FROM "gists"[0m
  Rendered gists/index.html.erb within layouts/application (1.5ms)
Completed 200 OK in 8ms (Views: 7.2ms | ActiveRecord: 0.2ms)


Started GET "/" for 127.0.0.1 at 2014-03-09 15:17:15 +0100
Processing by GistsController#index as HTML
  [1m[35mGist Load (0.2ms)[0m  SELECT "gists".* FROM "gists"
  Rendered gists/index.html.erb within layouts/application (1.7ms)
Completed 200 OK in 8ms (Views: 7.1ms | ActiveRecord: 0.2ms)


Started GET "/" for 127.0.0.1 at 2014-03-09 15:17:15 +0100
Processing by GistsController#index as HTML
  [1m[36mGist Load (0.2ms)[0m  [1mSELECT "gists".* FROM "gists"[0m
  Rendered gists/index.html.erb within layouts/application (2.3ms)
Completed 200 OK in 12ms (Views: 10.8ms | ActiveRecord: 0.2ms)


Started GET "/" for 127.0.0.1 at 2014-03-09 15:17:24 +0100
  [1m[36mActiveRecord::SchemaMigration Load (0.2ms)[0m  [1mSELECT "schema_migrations".* FROM "schema_migrations"[0m
Processing by GistsController#index as HTML
  [1m[35mGist Load (0.3ms)[0m  SELECT "gists".* FROM "gists"
  Rendered gists/index.html.erb within layouts/application (13.8ms)
Completed 200 OK in 157ms (Views: 129.3ms | ActiveRecord: 0.7ms)


Started GET "/" for 127.0.0.1 at 2014-03-09 15:17:27 +0100
Processing by GistsController#index as HTML
  [1m[36mGist Load (0.4ms)[0m  [1mSELECT "gists".* FROM "gists"[0m
  Rendered gists/index.html.erb within layouts/application (3.8ms)
Completed 200 OK in 18ms (Views: 16.0ms | ActiveRecord: 0.4ms)


Started GET "/" for 127.0.0.1 at 2014-03-09 15:17:27 +0100
Processing by GistsController#index as HTML
  [1m[35mGist Load (0.4ms)[0m  SELECT "gists".* FROM "gists"
  Rendered gists/index.html.erb within layouts/application (3.5ms)
Completed 200 OK in 25ms (Views: 23.0ms | ActiveRecord: 0.4ms)


Started GET "/" for 127.0.0.1 at 2014-03-09 15:17:27 +0100
Processing by GistsController#index as HTML
  [1m[36mGist Load (0.2ms)[0m  [1mSELECT "gists".* FROM "gists"[0m
  Rendered gists/index.html.erb within layouts/application (4.3ms)
Completed 200 OK in 13ms (Views: 11.7ms | ActiveRecord: 0.2ms)


Started GET "/" for 127.0.0.1 at 2014-03-09 15:17:27 +0100
Processing by GistsController#index as HTML
  [1m[35mGist Load (0.3ms)[0m  SELECT "gists".* FROM "gists"
  Rendered gists/index.html.erb within layouts/application (2.4ms)
Completed 200 OK in 13ms (Views: 11.4ms | ActiveRecord: 0.3ms)


Started GET "/" for 127.0.0.1 at 2014-03-09 15:17:27 +0100
Processing by GistsController#index as HTML
  [1m[36mGist Load (0.3ms)[0m  [1mSELECT "gists".* FROM "gists"[0m
  Rendered gists/index.html.erb within layouts/application (2.3ms)
Completed 200 OK in 12ms (Views: 10.9ms | ActiveRecord: 0.3ms)


Started GET "/" for 127.0.0.1 at 2014-03-09 15:17:27 +0100
Processing by GistsController#index as HTML
  [1m[35mGist Load (0.2ms)[0m  SELECT "gists".* FROM "gists"
  Rendered gists/index.html.erb within layouts/application (1.7ms)
Completed 200 OK in 10ms (Views: 8.8ms | ActiveRecord: 0.2ms)


Started GET "/" for 127.0.0.1 at 2014-03-09 15:17:27 +0100
Processing by GistsController#index as HTML
  [1m[36mGist Load (0.2ms)[0m  [1mSELECT "gists".* FROM "gists"[0m
  Rendered gists/index.html.erb within layouts/application (1.8ms)
Completed 200 OK in 10ms (Views: 9.4ms | ActiveRecord: 0.2ms)


Started GET "/" for 127.0.0.1 at 2014-03-09 15:17:27 +0100
Processing by GistsController#index as HTML
  [1m[35mGist Load (0.2ms)[0m  SELECT "gists".* FROM "gists"
  Rendered gists/index.html.erb within layouts/application (1.7ms)
Completed 200 OK in 9ms (Views: 7.7ms | ActiveRecord: 0.2ms)


Started GET "/" for 127.0.0.1 at 2014-03-09 15:17:27 +0100
Processing by GistsController#index as HTML
  [1m[36mGist Load (0.2ms)[0m  [1mSELECT "gists".* FROM "gists"[0m
  Rendered gists/index.html.erb within layouts/application (1.8ms)
Completed 200 OK in 10ms (Views: 8.9ms | ActiveRecord: 0.2ms)


Started GET "/" for 127.0.0.1 at 2014-03-09 15:17:27 +0100
Processing by GistsController#index as HTML
  [1m[35mGist Load (0.3ms)[0m  SELECT "gists".* FROM "gists"
  Rendered gists/index.html.erb within layouts/application (2.1ms)
Completed 200 OK in 11ms (Views: 9.7ms | ActiveRecord: 0.3ms)


Started GET "/" for 127.0.0.1 at 2014-03-09 15:17:27 +0100
Processing by GistsController#index as HTML
  [1m[36mGist Load (0.2ms)[0m  [1mSELECT "gists".* FROM "gists"[0m
  Rendered gists/index.html.erb within layouts/application (1.8ms)
Completed 200 OK in 10ms (Views: 8.5ms | ActiveRecord: 0.2ms)


Started GET "/" for 127.0.0.1 at 2014-03-09 15:17:27 +0100
Processing by GistsController#index as HTML
  [1m[35mGist Load (0.2ms)[0m  SELECT "gists".* FROM "gists"
  Rendered gists/index.html.erb within layouts/application (1.9ms)
Completed 200 OK in 11ms (Views: 9.6ms | ActiveRecord: 0.2ms)


Started GET "/" for 127.0.0.1 at 2014-03-09 15:17:27 +0100
Processing by GistsController#index as HTML
  [1m[36mGist Load (0.3ms)[0m  [1mSELECT "gists".* FROM "gists"[0m
  Rendered gists/index.html.erb within layouts/application (2.2ms)
Completed 200 OK in 11ms (Views: 9.6ms | ActiveRecord: 0.3ms)


Started GET "/" for 127.0.0.1 at 2014-03-09 15:17:27 +0100
Processing by GistsController#index as HTML
  [1m[35mGist Load (0.4ms)[0m  SELECT "gists".* FROM "gists"
  Rendered gists/index.html.erb within layouts/application (3.0ms)
Completed 200 OK in 13ms (Views: 11.5ms | ActiveRecord: 0.4ms)


Started GET "/" for 127.0.0.1 at 2014-03-09 15:17:27 +0100
Processing by GistsController#index as HTML
  [1m[36mGist Load (0.4ms)[0m  [1mSELECT "gists".* FROM "gists"[0m
  Rendered gists/index.html.erb within layouts/application (2.5ms)
Completed 200 OK in 11ms (Views: 9.5ms | ActiveRecord: 0.4ms)


Started GET "/" for 127.0.0.1 at 2014-03-09 15:17:27 +0100
Processing by GistsController#index as HTML
  [1m[35mGist Load (0.2ms)[0m  SELECT "gists".* FROM "gists"
  Rendered gists/index.html.erb within layouts/application (1.7ms)
Completed 200 OK in 11ms (Views: 10.2ms | ActiveRecord: 0.2ms)


Started GET "/" for 127.0.0.1 at 2014-03-09 15:17:27 +0100
Processing by GistsController#index as HTML
  [1m[36mGist Load (0.2ms)[0m  [1mSELECT "gists".* FROM "gists"[0m
  Rendered gists/index.html.erb within layouts/application (1.6ms)
Completed 200 OK in 9ms (Views: 8.1ms | ActiveRecord: 0.2ms)


Started GET "/" for 127.0.0.1 at 2014-03-09 15:17:28 +0100
Processing by GistsController#index as HTML
  [1m[35mGist Load (0.2ms)[0m  SELECT "gists".* FROM "gists"
  Rendered gists/index.html.erb within layouts/application (2.3ms)
Completed 200 OK in 38ms (Views: 36.8ms | ActiveRecord: 0.2ms)


Started GET "/" for 127.0.0.1 at 2014-03-09 15:17:28 +0100
Processing by GistsController#index as HTML
  [1m[36mGist Load (0.5ms)[0m  [1mSELECT "gists".* FROM "gists"[0m
  Rendered gists/index.html.erb within layouts/application (3.0ms)
Completed 200 OK in 13ms (Views: 11.6ms | ActiveRecord: 0.5ms)


Started GET "/" for 127.0.0.1 at 2014-03-09 15:17:28 +0100
Processing by GistsController#index as HTML
  [1m[35mGist Load (0.3ms)[0m  SELECT "gists".* FROM "gists"
  Rendered gists/index.html.erb within layouts/application (2.7ms)
Completed 200 OK in 12ms (Views: 10.8ms | ActiveRecord: 0.3ms)


Started GET "/" for 127.0.0.1 at 2014-03-09 15:17:28 +0100
Processing by GistsController#index as HTML
  [1m[36mGist Load (0.3ms)[0m  [1mSELECT "gists".* FROM "gists"[0m
  Rendered gists/index.html.erb within layouts/application (1.8ms)
Completed 200 OK in 9ms (Views: 8.4ms | ActiveRecord: 0.3ms)


Started GET "/" for 127.0.0.1 at 2014-03-09 15:17:28 +0100
Processing by GistsController#index as HTML
  [1m[35mGist Load (0.4ms)[0m  SELECT "gists".* FROM "gists"
  Rendered gists/index.html.erb within layouts/application (3.2ms)
Completed 200 OK in 12ms (Views: 10.5ms | ActiveRecord: 0.4ms)


Started GET "/" for 127.0.0.1 at 2014-03-09 15:17:28 +0100
Processing by GistsController#index as HTML
  [1m[36mGist Load (0.4ms)[0m  [1mSELECT "gists".* FROM "gists"[0m
  Rendered gists/index.html.erb within layouts/application (4.0ms)
Completed 200 OK in 14ms (Views: 12.6ms | ActiveRecord: 0.4ms)


Started GET "/" for 127.0.0.1 at 2014-03-09 15:17:28 +0100
Processing by GistsController#index as HTML
  [1m[35mGist Load (0.2ms)[0m  SELECT "gists".* FROM "gists"
  Rendered gists/index.html.erb within layouts/application (1.6ms)
Completed 200 OK in 8ms (Views: 7.1ms | ActiveRecord: 0.2ms)


Started GET "/" for 127.0.0.1 at 2014-03-09 15:17:28 +0100
Processing by GistsController#index as HTML
  [1m[36mGist Load (0.3ms)[0m  [1mSELECT "gists".* FROM "gists"[0m
  Rendered gists/index.html.erb within layouts/application (2.5ms)
Completed 200 OK in 16ms (Views: 14.2ms | ActiveRecord: 0.3ms)


Started GET "/" for 127.0.0.1 at 2014-03-09 15:17:28 +0100
Processing by GistsController#index as HTML
  [1m[35mGist Load (0.2ms)[0m  SELECT "gists".* FROM "gists"
  Rendered gists/index.html.erb within layouts/application (1.9ms)
Completed 200 OK in 10ms (Views: 8.7ms | ActiveRecord: 0.2ms)


Started GET "/" for 127.0.0.1 at 2014-03-09 15:17:28 +0100
Processing by GistsController#index as HTML
  [1m[36mGist Load (0.2ms)[0m  [1mSELECT "gists".* FROM "gists"[0m
  Rendered gists/index.html.erb within layouts/application (2.0ms)
Completed 200 OK in 9ms (Views: 7.8ms | ActiveRecord: 0.2ms)


Started GET "/" for 127.0.0.1 at 2014-03-09 15:17:28 +0100
Processing by GistsController#index as HTML
  [1m[35mGist Load (0.2ms)[0m  SELECT "gists".* FROM "gists"
  Rendered gists/index.html.erb within layouts/application (1.5ms)
Completed 200 OK in 10ms (Views: 9.1ms | ActiveRecord: 0.2ms)


Started GET "/" for 127.0.0.1 at 2014-03-09 15:17:28 +0100
Processing by GistsController#index as HTML
  [1m[36mGist Load (0.2ms)[0m  [1mSELECT "gists".* FROM "gists"[0m
  Rendered gists/index.html.erb within layouts/application (1.6ms)
Completed 200 OK in 9ms (Views: 7.7ms | ActiveRecord: 0.2ms)


Started GET "/" for 127.0.0.1 at 2014-03-09 15:17:28 +0100
Processing by GistsController#index as HTML
  [1m[35mGist Load (0.3ms)[0m  SELECT "gists".* FROM "gists"
  Rendered gists/index.html.erb within layouts/application (2.2ms)
Completed 200 OK in 12ms (Views: 10.8ms | ActiveRecord: 0.3ms)


Started GET "/" for 127.0.0.1 at 2014-03-09 15:17:28 +0100
Processing by GistsController#index as HTML
  [1m[36mGist Load (0.2ms)[0m  [1mSELECT "gists".* FROM "gists"[0m
  Rendered gists/index.html.erb within layouts/application (1.8ms)
Completed 200 OK in 10ms (Views: 8.7ms | ActiveRecord: 0.2ms)


Started GET "/" for 127.0.0.1 at 2014-03-09 15:17:28 +0100
Processing by GistsController#index as HTML
  [1m[35mGist Load (0.5ms)[0m  SELECT "gists".* FROM "gists"
  Rendered gists/index.html.erb within layouts/application (3.3ms)
Completed 200 OK in 14ms (Views: 13.0ms | ActiveRecord: 0.5ms)


Started GET "/" for 127.0.0.1 at 2014-03-09 15:17:28 +0100
Processing by GistsController#index as HTML
  [1m[36mGist Load (0.3ms)[0m  [1mSELECT "gists".* FROM "gists"[0m
  Rendered gists/index.html.erb within layouts/application (2.5ms)
Completed 200 OK in 11ms (Views: 9.7ms | ActiveRecord: 0.3ms)


Started GET "/" for 127.0.0.1 at 2014-03-09 15:17:28 +0100
Processing by GistsController#index as HTML
  [1m[35mGist Load (0.3ms)[0m  SELECT "gists".* FROM "gists"
  Rendered gists/index.html.erb within layouts/application (2.3ms)
Completed 200 OK in 10ms (Views: 9.5ms | ActiveRecord: 0.3ms)


Started GET "/" for 127.0.0.1 at 2014-03-09 15:17:28 +0100
Processing by GistsController#index as HTML
  [1m[36mGist Load (0.2ms)[0m  [1mSELECT "gists".* FROM "gists"[0m
  Rendered gists/index.html.erb within layouts/application (1.8ms)
Completed 200 OK in 8ms (Views: 7.5ms | ActiveRecord: 0.2ms)


Started GET "/" for 127.0.0.1 at 2014-03-09 15:17:28 +0100
Processing by GistsController#index as HTML
  [1m[35mGist Load (0.2ms)[0m  SELECT "gists".* FROM "gists"
  Rendered gists/index.html.erb within layouts/application (1.6ms)
Completed 200 OK in 8ms (Views: 7.4ms | ActiveRecord: 0.2ms)


Started GET "/" for 127.0.0.1 at 2014-03-09 15:17:28 +0100
Processing by GistsController#index as HTML
  [1m[36mGist Load (0.2ms)[0m  [1mSELECT "gists".* FROM "gists"[0m
  Rendered gists/index.html.erb within layouts/application (1.5ms)
Completed 200 OK in 8ms (Views: 7.5ms | ActiveRecord: 0.2ms)


Started GET "/navbar-fixed-top/" for 127.0.0.1 at 2014-03-09 15:17:33 +0100

ActionController::RoutingError (No route matches [GET] "/navbar-fixed-top"):
  actionpack (4.0.3) lib/action_dispatch/middleware/debug_exceptions.rb:21:in `call'
  actionpack (4.0.3) lib/action_dispatch/middleware/show_exceptions.rb:30:in `call'
  railties (4.0.3) lib/rails/rack/logger.rb:38:in `call_app'
  railties (4.0.3) lib/rails/rack/logger.rb:20:in `block in call'
  activesupport (4.0.3) lib/active_support/tagged_logging.rb:67:in `block in tagged'
  activesupport (4.0.3) lib/active_support/tagged_logging.rb:25:in `tagged'
  activesupport (4.0.3) lib/active_support/tagged_logging.rb:67:in `tagged'
  railties (4.0.3) lib/rails/rack/logger.rb:20:in `call'
  quiet_assets (1.0.2) lib/quiet_assets.rb:18:in `call_with_quiet_assets'
  actionpack (4.0.3) lib/action_dispatch/middleware/request_id.rb:21:in `call'
  rack (1.5.2) lib/rack/methodoverride.rb:21:in `call'
  rack (1.5.2) lib/rack/runtime.rb:17:in `call'
  activesupport (4.0.3) lib/active_support/cache/strategy/local_cache.rb:83:in `call'
  rack (1.5.2) lib/rack/lock.rb:17:in `call'
  actionpack (4.0.3) lib/action_dispatch/middleware/static.rb:64:in `call'
  rack (1.5.2) lib/rack/sendfile.rb:112:in `call'
  railties (4.0.3) lib/rails/engine.rb:511:in `call'
  railties (4.0.3) lib/rails/application.rb:97:in `call'
  rack (1.5.2) lib/rack/lock.rb:17:in `call'
  rack (1.5.2) lib/rack/content_length.rb:14:in `call'
  rack (1.5.2) lib/rack/handler/webrick.rb:60:in `service'
  /home/michal-linux/.rvm/rubies/ruby-1.9.3-p484/lib/ruby/1.9.1/webrick/httpserver.rb:138:in `service'
  /home/michal-linux/.rvm/rubies/ruby-1.9.3-p484/lib/ruby/1.9.1/webrick/httpserver.rb:94:in `run'
  /home/michal-linux/.rvm/rubies/ruby-1.9.3-p484/lib/ruby/1.9.1/webrick/server.rb:191:in `block in start_thread'


  Rendered /home/michal-linux/.rvm/gems/ruby-1.9.3-p484/gems/actionpack-4.0.3/lib/action_dispatch/middleware/templates/rescues/_trace.erb (1.7ms)
  Rendered /home/michal-linux/.rvm/gems/ruby-1.9.3-p484/gems/actionpack-4.0.3/lib/action_dispatch/middleware/templates/routes/_route.html.erb (1.6ms)
  Rendered /home/michal-linux/.rvm/gems/ruby-1.9.3-p484/gems/actionpack-4.0.3/lib/action_dispatch/middleware/templates/routes/_table.html.erb (11.8ms)
  Rendered /home/michal-linux/.rvm/gems/ruby-1.9.3-p484/gems/actionpack-4.0.3/lib/action_dispatch/middleware/templates/rescues/routing_error.erb within rescues/layout (77.2ms)


Started GET "/navbar-fixed-top/" for 127.0.0.1 at 2014-03-09 15:17:33 +0100

ActionController::RoutingError (No route matches [GET] "/navbar-fixed-top"):
  actionpack (4.0.3) lib/action_dispatch/middleware/debug_exceptions.rb:21:in `call'
  actionpack (4.0.3) lib/action_dispatch/middleware/show_exceptions.rb:30:in `call'
  railties (4.0.3) lib/rails/rack/logger.rb:38:in `call_app'
  railties (4.0.3) lib/rails/rack/logger.rb:20:in `block in call'
  activesupport (4.0.3) lib/active_support/tagged_logging.rb:67:in `block in tagged'
  activesupport (4.0.3) lib/active_support/tagged_logging.rb:25:in `tagged'
  activesupport (4.0.3) lib/active_support/tagged_logging.rb:67:in `tagged'
  railties (4.0.3) lib/rails/rack/logger.rb:20:in `call'
  quiet_assets (1.0.2) lib/quiet_assets.rb:18:in `call_with_quiet_assets'
  actionpack (4.0.3) lib/action_dispatch/middleware/request_id.rb:21:in `call'
  rack (1.5.2) lib/rack/methodoverride.rb:21:in `call'
  rack (1.5.2) lib/rack/runtime.rb:17:in `call'
  activesupport (4.0.3) lib/active_support/cache/strategy/local_cache.rb:83:in `call'
  rack (1.5.2) lib/rack/lock.rb:17:in `call'
  actionpack (4.0.3) lib/action_dispatch/middleware/static.rb:64:in `call'
  rack (1.5.2) lib/rack/sendfile.rb:112:in `call'
  railties (4.0.3) lib/rails/engine.rb:511:in `call'
  railties (4.0.3) lib/rails/application.rb:97:in `call'
  rack (1.5.2) lib/rack/lock.rb:17:in `call'
  rack (1.5.2) lib/rack/content_length.rb:14:in `call'
  rack (1.5.2) lib/rack/handler/webrick.rb:60:in `service'
  /home/michal-linux/.rvm/rubies/ruby-1.9.3-p484/lib/ruby/1.9.1/webrick/httpserver.rb:138:in `service'
  /home/michal-linux/.rvm/rubies/ruby-1.9.3-p484/lib/ruby/1.9.1/webrick/httpserver.rb:94:in `run'
  /home/michal-linux/.rvm/rubies/ruby-1.9.3-p484/lib/ruby/1.9.1/webrick/server.rb:191:in `block in start_thread'


  Rendered /home/michal-linux/.rvm/gems/ruby-1.9.3-p484/gems/actionpack-4.0.3/lib/action_dispatch/middleware/templates/rescues/_trace.erb (1.2ms)
  Rendered /home/michal-linux/.rvm/gems/ruby-1.9.3-p484/gems/actionpack-4.0.3/lib/action_dispatch/middleware/templates/routes/_route.html.erb (2.0ms)
  Rendered /home/michal-linux/.rvm/gems/ruby-1.9.3-p484/gems/actionpack-4.0.3/lib/action_dispatch/middleware/templates/routes/_table.html.erb (1.4ms)
  Rendered /home/michal-linux/.rvm/gems/ruby-1.9.3-p484/gems/actionpack-4.0.3/lib/action_dispatch/middleware/templates/rescues/routing_error.erb within rescues/layout (22.0ms)


Started GET "/navbar/" for 127.0.0.1 at 2014-03-09 15:17:38 +0100

ActionController::RoutingError (No route matches [GET] "/navbar"):
  actionpack (4.0.3) lib/action_dispatch/middleware/debug_exceptions.rb:21:in `call'
  actionpack (4.0.3) lib/action_dispatch/middleware/show_exceptions.rb:30:in `call'
  railties (4.0.3) lib/rails/rack/logger.rb:38:in `call_app'
  railties (4.0.3) lib/rails/rack/logger.rb:20:in `block in call'
  activesupport (4.0.3) lib/active_support/tagged_logging.rb:67:in `block in tagged'
  activesupport (4.0.3) lib/active_support/tagged_logging.rb:25:in `tagged'
  activesupport (4.0.3) lib/active_support/tagged_logging.rb:67:in `tagged'
  railties (4.0.3) lib/rails/rack/logger.rb:20:in `call'
  quiet_assets (1.0.2) lib/quiet_assets.rb:18:in `call_with_quiet_assets'
  actionpack (4.0.3) lib/action_dispatch/middleware/request_id.rb:21:in `call'
  rack (1.5.2) lib/rack/methodoverride.rb:21:in `call'
  rack (1.5.2) lib/rack/runtime.rb:17:in `call'
  activesupport (4.0.3) lib/active_support/cache/strategy/local_cache.rb:83:in `call'
  rack (1.5.2) lib/rack/lock.rb:17:in `call'
  actionpack (4.0.3) lib/action_dispatch/middleware/static.rb:64:in `call'
  rack (1.5.2) lib/rack/sendfile.rb:112:in `call'
  railties (4.0.3) lib/rails/engine.rb:511:in `call'
  railties (4.0.3) lib/rails/application.rb:97:in `call'
  rack (1.5.2) lib/rack/lock.rb:17:in `call'
  rack (1.5.2) lib/rack/content_length.rb:14:in `call'
  rack (1.5.2) lib/rack/handler/webrick.rb:60:in `service'
  /home/michal-linux/.rvm/rubies/ruby-1.9.3-p484/lib/ruby/1.9.1/webrick/httpserver.rb:138:in `service'
  /home/michal-linux/.rvm/rubies/ruby-1.9.3-p484/lib/ruby/1.9.1/webrick/httpserver.rb:94:in `run'
  /home/michal-linux/.rvm/rubies/ruby-1.9.3-p484/lib/ruby/1.9.1/webrick/server.rb:191:in `block in start_thread'


  Rendered /home/michal-linux/.rvm/gems/ruby-1.9.3-p484/gems/actionpack-4.0.3/lib/action_dispatch/middleware/templates/rescues/_trace.erb (2.1ms)
  Rendered /home/michal-linux/.rvm/gems/ruby-1.9.3-p484/gems/actionpack-4.0.3/lib/action_dispatch/middleware/templates/routes/_route.html.erb (2.3ms)
  Rendered /home/michal-linux/.rvm/gems/ruby-1.9.3-p484/gems/actionpack-4.0.3/lib/action_dispatch/middleware/templates/routes/_table.html.erb (2.2ms)
  Rendered /home/michal-linux/.rvm/gems/ruby-1.9.3-p484/gems/actionpack-4.0.3/lib/action_dispatch/middleware/templates/rescues/routing_error.erb within rescues/layout (33.0ms)


Started GET "/navbar/" for 127.0.0.1 at 2014-03-09 15:17:38 +0100

ActionController::RoutingError (No route matches [GET] "/navbar"):
  actionpack (4.0.3) lib/action_dispatch/middleware/debug_exceptions.rb:21:in `call'
  actionpack (4.0.3) lib/action_dispatch/middleware/show_exceptions.rb:30:in `call'
  railties (4.0.3) lib/rails/rack/logger.rb:38:in `call_app'
  railties (4.0.3) lib/rails/rack/logger.rb:20:in `block in call'
  activesupport (4.0.3) lib/active_support/tagged_logging.rb:67:in `block in tagged'
  activesupport (4.0.3) lib/active_support/tagged_logging.rb:25:in `tagged'
  activesupport (4.0.3) lib/active_support/tagged_logging.rb:67:in `tagged'
  railties (4.0.3) lib/rails/rack/logger.rb:20:in `call'
  quiet_assets (1.0.2) lib/quiet_assets.rb:18:in `call_with_quiet_assets'
  actionpack (4.0.3) lib/action_dispatch/middleware/request_id.rb:21:in `call'
  rack (1.5.2) lib/rack/methodoverride.rb:21:in `call'
  rack (1.5.2) lib/rack/runtime.rb:17:in `call'
  activesupport (4.0.3) lib/active_support/cache/strategy/local_cache.rb:83:in `call'
  rack (1.5.2) lib/rack/lock.rb:17:in `call'
  actionpack (4.0.3) lib/action_dispatch/middleware/static.rb:64:in `call'
  rack (1.5.2) lib/rack/sendfile.rb:112:in `call'
  railties (4.0.3) lib/rails/engine.rb:511:in `call'
  railties (4.0.3) lib/rails/application.rb:97:in `call'
  rack (1.5.2) lib/rack/lock.rb:17:in `call'
  rack (1.5.2) lib/rack/content_length.rb:14:in `call'
  rack (1.5.2) lib/rack/handler/webrick.rb:60:in `service'
  /home/michal-linux/.rvm/rubies/ruby-1.9.3-p484/lib/ruby/1.9.1/webrick/httpserver.rb:138:in `service'
  /home/michal-linux/.rvm/rubies/ruby-1.9.3-p484/lib/ruby/1.9.1/webrick/httpserver.rb:94:in `run'
  /home/michal-linux/.rvm/rubies/ruby-1.9.3-p484/lib/ruby/1.9.1/webrick/server.rb:191:in `block in start_thread'


  Rendered /home/michal-linux/.rvm/gems/ruby-1.9.3-p484/gems/actionpack-4.0.3/lib/action_dispatch/middleware/templates/rescues/_trace.erb (1.5ms)
  Rendered /home/michal-linux/.rvm/gems/ruby-1.9.3-p484/gems/actionpack-4.0.3/lib/action_dispatch/middleware/templates/routes/_route.html.erb (1.6ms)
  Rendered /home/michal-linux/.rvm/gems/ruby-1.9.3-p484/gems/actionpack-4.0.3/lib/action_dispatch/middleware/templates/routes/_table.html.erb (1.4ms)
  Rendered /home/michal-linux/.rvm/gems/ruby-1.9.3-p484/gems/actionpack-4.0.3/lib/action_dispatch/middleware/templates/rescues/routing_error.erb within rescues/layout (53.5ms)


Started GET "/" for 127.0.0.1 at 2014-03-09 15:18:30 +0100
Processing by GistsController#index as HTML
  [1m[35mGist Load (0.2ms)[0m  SELECT "gists".* FROM "gists"
  Rendered gists/index.html.erb within layouts/application (2.0ms)
Completed 200 OK in 12ms (Views: 10.7ms | ActiveRecord: 0.2ms)


Started GET "/" for 127.0.0.1 at 2014-03-09 15:19:47 +0100
Processing by GistsController#index as HTML
  [1m[36mGist Load (0.3ms)[0m  [1mSELECT "gists".* FROM "gists"[0m
  Rendered gists/index.html.erb within layouts/application (1.9ms)
Completed 200 OK in 13ms (Views: 11.2ms | ActiveRecord: 0.3ms)


Started GET "/" for 127.0.0.1 at 2014-03-09 15:19:49 +0100
Processing by GistsController#index as HTML
  [1m[35mGist Load (0.5ms)[0m  SELECT "gists".* FROM "gists"
  Rendered gists/index.html.erb within layouts/application (3.8ms)
Completed 200 OK in 16ms (Views: 14.2ms | ActiveRecord: 0.5ms)


Started GET "/gists/2" for 127.0.0.1 at 2014-03-09 15:20:01 +0100
Processing by GistsController#show as HTML
  Parameters: {"id"=>"2"}
  [1m[36mGist Load (0.3ms)[0m  [1mSELECT "gists".* FROM "gists" WHERE "gists"."id" = ? LIMIT 1[0m  [["id", "2"]]
  Rendered gists/show.html.erb within layouts/application (134.9ms)
Completed 200 OK in 146ms (Views: 142.6ms | ActiveRecord: 0.3ms)


Started GET "/navbar-static-top/" for 127.0.0.1 at 2014-03-09 15:20:37 +0100

ActionController::RoutingError (No route matches [GET] "/navbar-static-top"):
  actionpack (4.0.3) lib/action_dispatch/middleware/debug_exceptions.rb:21:in `call'
  actionpack (4.0.3) lib/action_dispatch/middleware/show_exceptions.rb:30:in `call'
  railties (4.0.3) lib/rails/rack/logger.rb:38:in `call_app'
  railties (4.0.3) lib/rails/rack/logger.rb:20:in `block in call'
  activesupport (4.0.3) lib/active_support/tagged_logging.rb:67:in `block in tagged'
  activesupport (4.0.3) lib/active_support/tagged_logging.rb:25:in `tagged'
  activesupport (4.0.3) lib/active_support/tagged_logging.rb:67:in `tagged'
  railties (4.0.3) lib/rails/rack/logger.rb:20:in `call'
  quiet_assets (1.0.2) lib/quiet_assets.rb:18:in `call_with_quiet_assets'
  actionpack (4.0.3) lib/action_dispatch/middleware/request_id.rb:21:in `call'
  rack (1.5.2) lib/rack/methodoverride.rb:21:in `call'
  rack (1.5.2) lib/rack/runtime.rb:17:in `call'
  activesupport (4.0.3) lib/active_support/cache/strategy/local_cache.rb:83:in `call'
  rack (1.5.2) lib/rack/lock.rb:17:in `call'
  actionpack (4.0.3) lib/action_dispatch/middleware/static.rb:64:in `call'
  rack (1.5.2) lib/rack/sendfile.rb:112:in `call'
  railties (4.0.3) lib/rails/engine.rb:511:in `call'
  railties (4.0.3) lib/rails/application.rb:97:in `call'
  rack (1.5.2) lib/rack/lock.rb:17:in `call'
  rack (1.5.2) lib/rack/content_length.rb:14:in `call'
  rack (1.5.2) lib/rack/handler/webrick.rb:60:in `service'
  /home/michal-linux/.rvm/rubies/ruby-1.9.3-p484/lib/ruby/1.9.1/webrick/httpserver.rb:138:in `service'
  /home/michal-linux/.rvm/rubies/ruby-1.9.3-p484/lib/ruby/1.9.1/webrick/httpserver.rb:94:in `run'
  /home/michal-linux/.rvm/rubies/ruby-1.9.3-p484/lib/ruby/1.9.1/webrick/server.rb:191:in `block in start_thread'


  Rendered /home/michal-linux/.rvm/gems/ruby-1.9.3-p484/gems/actionpack-4.0.3/lib/action_dispatch/middleware/templates/rescues/_trace.erb (1.2ms)
  Rendered /home/michal-linux/.rvm/gems/ruby-1.9.3-p484/gems/actionpack-4.0.3/lib/action_dispatch/middleware/templates/routes/_route.html.erb (1.4ms)
  Rendered /home/michal-linux/.rvm/gems/ruby-1.9.3-p484/gems/actionpack-4.0.3/lib/action_dispatch/middleware/templates/routes/_table.html.erb (1.4ms)
  Rendered /home/michal-linux/.rvm/gems/ruby-1.9.3-p484/gems/actionpack-4.0.3/lib/action_dispatch/middleware/templates/rescues/routing_error.erb within rescues/layout (22.9ms)


Started GET "/navbar-static-top/" for 127.0.0.1 at 2014-03-09 15:20:37 +0100

ActionController::RoutingError (No route matches [GET] "/navbar-static-top"):
  actionpack (4.0.3) lib/action_dispatch/middleware/debug_exceptions.rb:21:in `call'
  actionpack (4.0.3) lib/action_dispatch/middleware/show_exceptions.rb:30:in `call'
  railties (4.0.3) lib/rails/rack/logger.rb:38:in `call_app'
  railties (4.0.3) lib/rails/rack/logger.rb:20:in `block in call'
  activesupport (4.0.3) lib/active_support/tagged_logging.rb:67:in `block in tagged'
  activesupport (4.0.3) lib/active_support/tagged_logging.rb:25:in `tagged'
  activesupport (4.0.3) lib/active_support/tagged_logging.rb:67:in `tagged'
  railties (4.0.3) lib/rails/rack/logger.rb:20:in `call'
  quiet_assets (1.0.2) lib/quiet_assets.rb:18:in `call_with_quiet_assets'
  actionpack (4.0.3) lib/action_dispatch/middleware/request_id.rb:21:in `call'
  rack (1.5.2) lib/rack/methodoverride.rb:21:in `call'
  rack (1.5.2) lib/rack/runtime.rb:17:in `call'
  activesupport (4.0.3) lib/active_support/cache/strategy/local_cache.rb:83:in `call'
  rack (1.5.2) lib/rack/lock.rb:17:in `call'
  actionpack (4.0.3) lib/action_dispatch/middleware/static.rb:64:in `call'
  rack (1.5.2) lib/rack/sendfile.rb:112:in `call'
  railties (4.0.3) lib/rails/engine.rb:511:in `call'
  railties (4.0.3) lib/rails/application.rb:97:in `call'
  rack (1.5.2) lib/rack/lock.rb:17:in `call'
  rack (1.5.2) lib/rack/content_length.rb:14:in `call'
  rack (1.5.2) lib/rack/handler/webrick.rb:60:in `service'
  /home/michal-linux/.rvm/rubies/ruby-1.9.3-p484/lib/ruby/1.9.1/webrick/httpserver.rb:138:in `service'
  /home/michal-linux/.rvm/rubies/ruby-1.9.3-p484/lib/ruby/1.9.1/webrick/httpserver.rb:94:in `run'
  /home/michal-linux/.rvm/rubies/ruby-1.9.3-p484/lib/ruby/1.9.1/webrick/server.rb:191:in `block in start_thread'


  Rendered /home/michal-linux/.rvm/gems/ruby-1.9.3-p484/gems/actionpack-4.0.3/lib/action_dispatch/middleware/templates/rescues/_trace.erb (1.3ms)
  Rendered /home/michal-linux/.rvm/gems/ruby-1.9.3-p484/gems/actionpack-4.0.3/lib/action_dispatch/middleware/templates/routes/_route.html.erb (1.4ms)
  Rendered /home/michal-linux/.rvm/gems/ruby-1.9.3-p484/gems/actionpack-4.0.3/lib/action_dispatch/middleware/templates/routes/_table.html.erb (1.4ms)
  Rendered /home/michal-linux/.rvm/gems/ruby-1.9.3-p484/gems/actionpack-4.0.3/lib/action_dispatch/middleware/templates/rescues/routing_error.erb within rescues/layout (23.1ms)


Started GET "/gists/2" for 127.0.0.1 at 2014-03-09 15:20:40 +0100
Processing by GistsController#show as HTML
  Parameters: {"id"=>"2"}
  [1m[35mGist Load (0.4ms)[0m  SELECT "gists".* FROM "gists" WHERE "gists"."id" = ? LIMIT 1  [["id", "2"]]
  Rendered gists/show.html.erb within layouts/application (107.7ms)
Completed 200 OK in 124ms (Views: 119.6ms | ActiveRecord: 0.4ms)


Started GET "/gists/2" for 127.0.0.1 at 2014-03-09 15:20:53 +0100
Processing by GistsController#show as HTML
  Parameters: {"id"=>"2"}
  [1m[36mGist Load (0.2ms)[0m  [1mSELECT "gists".* FROM "gists" WHERE "gists"."id" = ? LIMIT 1[0m  [["id", "2"]]
  Rendered gists/show.html.erb within layouts/application (103.6ms)
Completed 200 OK in 114ms (Views: 111.4ms | ActiveRecord: 0.2ms)


Started GET "/gists/2" for 127.0.0.1 at 2014-03-09 15:20:55 +0100
Processing by GistsController#show as HTML
  Parameters: {"id"=>"2"}
  [1m[35mGist Load (0.2ms)[0m  SELECT "gists".* FROM "gists" WHERE "gists"."id" = ? LIMIT 1  [["id", "2"]]
  Rendered gists/show.html.erb within layouts/application (105.9ms)
Completed 200 OK in 161ms (Views: 158.5ms | ActiveRecord: 0.2ms)


Started GET "/gists/2" for 127.0.0.1 at 2014-03-09 15:20:55 +0100
Processing by GistsController#show as HTML
  Parameters: {"id"=>"2"}
  [1m[36mGist Load (0.3ms)[0m  [1mSELECT "gists".* FROM "gists" WHERE "gists"."id" = ? LIMIT 1[0m  [["id", "2"]]
  Rendered gists/show.html.erb within layouts/application (105.7ms)
Completed 200 OK in 123ms (Views: 119.4ms | ActiveRecord: 0.3ms)


Started GET "/gists/2" for 127.0.0.1 at 2014-03-09 15:20:55 +0100
Processing by GistsController#show as HTML
  Parameters: {"id"=>"2"}
  [1m[35mGist Load (0.3ms)[0m  SELECT "gists".* FROM "gists" WHERE "gists"."id" = ? LIMIT 1  [["id", "2"]]
  Rendered gists/show.html.erb within layouts/application (105.3ms)
Completed 200 OK in 119ms (Views: 115.7ms | ActiveRecord: 0.3ms)


Started GET "/gists/2" for 127.0.0.1 at 2014-03-09 15:20:56 +0100
Processing by GistsController#show as HTML
  Parameters: {"id"=>"2"}
  [1m[36mGist Load (0.1ms)[0m  [1mSELECT "gists".* FROM "gists" WHERE "gists"."id" = ? LIMIT 1[0m  [["id", "2"]]
  Rendered gists/show.html.erb within layouts/application (105.1ms)
Completed 200 OK in 118ms (Views: 116.2ms | ActiveRecord: 0.1ms)


Started GET "/gists/2" for 127.0.0.1 at 2014-03-09 15:20:56 +0100
Processing by GistsController#show as HTML
  Parameters: {"id"=>"2"}
  [1m[35mGist Load (0.3ms)[0m  SELECT "gists".* FROM "gists" WHERE "gists"."id" = ? LIMIT 1  [["id", "2"]]
  Rendered gists/show.html.erb within layouts/application (104.4ms)
Completed 200 OK in 117ms (Views: 114.0ms | ActiveRecord: 0.3ms)


Started GET "/gists/2" for 127.0.0.1 at 2014-03-09 15:24:38 +0100
Processing by GistsController#show as HTML
  Parameters: {"id"=>"2"}
  [1m[36mGist Load (0.2ms)[0m  [1mSELECT "gists".* FROM "gists" WHERE "gists"."id" = ? LIMIT 1[0m  [["id", "2"]]
  Rendered gists/show.html.erb within layouts/application (104.5ms)
Completed 200 OK in 117ms (Views: 115.8ms | ActiveRecord: 0.2ms)


Started GET "/" for 127.0.0.1 at 2014-03-09 15:24:42 +0100
Processing by GistsController#index as HTML
  [1m[35mGist Load (0.4ms)[0m  SELECT "gists".* FROM "gists"
  Rendered gists/index.html.erb within layouts/application (4.1ms)
Completed 200 OK in 14ms (Views: 12.5ms | ActiveRecord: 0.4ms)
